# Logfile created on 2015-03-26 15:09:46 -0600 by logger.rb/36483
I, [2015-03-26T15:09:46.836373 #3928]  INFO -- : 0:  addressable (2.3.7) from /Users/jem/.rbenv/versions/2.0.0-p247/lib/ruby/gems/2.0.0/specifications/addressable-2.3.7.gemspec
I, [2015-03-26T15:09:50.314072 #3928]  INFO -- : 0:  bcrypt (3.1.10) from /Users/jem/.rbenv/versions/2.0.0-p247/lib/ruby/gems/2.0.0/specifications/bcrypt-3.1.10.gemspec
I, [2015-03-26T15:09:51.561362 #3928]  INFO -- : 0:  bcrypt-ruby (3.1.5) from /Users/jem/.rbenv/versions/2.0.0-p247/lib/ruby/gems/2.0.0/specifications/bcrypt-ruby-3.1.5.gemspec
I, [2015-03-26T15:09:51.562189 #3928]  INFO -- : 0:  dm-core (1.2.1) from /Users/jem/.rbenv/versions/2.0.0-p247/lib/ruby/gems/2.0.0/specifications/dm-core-1.2.1.gemspec
I, [2015-03-26T15:09:51.562808 #3928]  INFO -- : 0:  dm-aggregates (1.2.0) from /Users/jem/.rbenv/versions/2.0.0-p247/lib/ruby/gems/2.0.0/specifications/dm-aggregates-1.2.0.gemspec
I, [2015-03-26T15:09:51.563435 #3928]  INFO -- : 0:  dm-constraints (1.2.0) from /Users/jem/.rbenv/versions/2.0.0-p247/lib/ruby/gems/2.0.0/specifications/dm-constraints-1.2.0.gemspec
I, [2015-03-26T15:09:51.564062 #3928]  INFO -- : 0:  dm-migrations (1.2.0) from /Users/jem/.rbenv/versions/2.0.0-p247/lib/ruby/gems/2.0.0/specifications/dm-migrations-1.2.0.gemspec
I, [2015-03-26T15:09:51.564680 #3928]  INFO -- : 0:  fastercsv (1.5.5) from /Users/jem/.rbenv/versions/2.0.0-p247/lib/ruby/gems/2.0.0/specifications/fastercsv-1.5.5.gemspec
I, [2015-03-26T15:09:55.194778 #3928]  INFO -- : 0:  json (1.8.2) from /Users/jem/.rbenv/versions/2.0.0-p247/lib/ruby/gems/2.0.0/specifications/json-1.8.2.gemspec
I, [2015-03-26T15:09:57.287190 #3928]  INFO -- : 0:  json_pure (1.8.2) from /Users/jem/.rbenv/versions/2.0.0-p247/lib/ruby/gems/2.0.0/specifications/json_pure-1.8.2.gemspec
I, [2015-03-26T15:09:58.496316 #3928]  INFO -- : 0:  multi_json (1.11.0) from /Users/jem/.rbenv/versions/2.0.0-p247/lib/ruby/gems/2.0.0/specifications/multi_json-1.11.0.gemspec
I, [2015-03-26T15:09:58.496938 #3928]  INFO -- : 0:  dm-serializer (1.2.2) from /Users/jem/.rbenv/versions/2.0.0-p247/lib/ruby/gems/2.0.0/specifications/dm-serializer-1.2.2.gemspec
I, [2015-03-26T15:09:58.497358 #3928]  INFO -- : 0:  dm-timestamps (1.2.0) from /Users/jem/.rbenv/versions/2.0.0-p247/lib/ruby/gems/2.0.0/specifications/dm-timestamps-1.2.0.gemspec
I, [2015-03-26T15:09:58.497764 #3928]  INFO -- : 0:  dm-transactions (1.2.0) from /Users/jem/.rbenv/versions/2.0.0-p247/lib/ruby/gems/2.0.0/specifications/dm-transactions-1.2.0.gemspec
I, [2015-03-26T15:09:58.498167 #3928]  INFO -- : 0:  stringex (1.5.1) from /Users/jem/.rbenv/versions/2.0.0-p247/lib/ruby/gems/2.0.0/specifications/stringex-1.5.1.gemspec
I, [2015-03-26T15:09:59.678903 #3928]  INFO -- : 0:  uuidtools (2.1.5) from /Users/jem/.rbenv/versions/2.0.0-p247/lib/ruby/gems/2.0.0/specifications/uuidtools-2.1.5.gemspec
I, [2015-03-26T15:09:59.679456 #3928]  INFO -- : 0:  dm-types (1.2.2) from /Users/jem/.rbenv/versions/2.0.0-p247/lib/ruby/gems/2.0.0/specifications/dm-types-1.2.2.gemspec
I, [2015-03-26T15:09:59.679866 #3928]  INFO -- : 0:  dm-validations (1.2.0) from /Users/jem/.rbenv/versions/2.0.0-p247/lib/ruby/gems/2.0.0/specifications/dm-validations-1.2.0.gemspec
I, [2015-03-26T15:09:59.680260 #3928]  INFO -- : 0:  data_mapper (1.2.0) from /Users/jem/.rbenv/versions/2.0.0-p247/lib/ruby/gems/2.0.0/specifications/data_mapper-1.2.0.gemspec
I, [2015-03-26T15:10:00.990488 #3928]  INFO -- : 0:  data_objects (0.10.15) from /Users/jem/.rbenv/versions/2.0.0-p247/lib/ruby/gems/2.0.0/specifications/data_objects-0.10.15.gemspec
I, [2015-03-26T15:10:00.991267 #3928]  INFO -- : 0:  dm-do-adapter (1.2.0) from /Users/jem/.rbenv/versions/2.0.0-p247/lib/ruby/gems/2.0.0/specifications/dm-do-adapter-1.2.0.gemspec
I, [2015-03-26T15:10:04.279823 #3928]  INFO -- : 0:  do_postgres (0.10.15) from /Users/jem/.rbenv/versions/2.0.0-p247/lib/ruby/gems/2.0.0/specifications/do_postgres-0.10.15.gemspec
I, [2015-03-26T15:10:04.280631 #3928]  INFO -- : 0:  dm-postgres-adapter (1.2.0) from /Users/jem/.rbenv/versions/2.0.0-p247/lib/ruby/gems/2.0.0/specifications/dm-postgres-adapter-1.2.0.gemspec
I, [2015-03-26T15:10:04.281099 #3928]  INFO -- : 0:  rack (1.6.0) from /Users/jem/.rbenv/versions/2.0.0-p247/lib/ruby/gems/2.0.0/specifications/rack-1.6.0.gemspec
I, [2015-03-26T15:10:04.281531 #3928]  INFO -- : 0:  rack-protection (1.5.3) from /Users/jem/.rbenv/versions/2.0.0-p247/lib/ruby/gems/2.0.0/specifications/rack-protection-1.5.3.gemspec
I, [2015-03-26T15:10:04.281953 #3928]  INFO -- : 0:  tilt (1.4.1) from /Users/jem/.rbenv/versions/2.0.0-p247/lib/ruby/gems/2.0.0/specifications/tilt-1.4.1.gemspec
I, [2015-03-26T15:10:04.282384 #3928]  INFO -- : 0:  sinatra (1.4.5) from /Users/jem/.rbenv/versions/2.0.0-p247/lib/ruby/gems/2.0.0/specifications/sinatra-1.4.5.gemspec
I, [2015-03-26T15:10:04.282770 #3928]  INFO -- : 0:  bundler (1.5.1) from /Users/jem/.rbenv/versions/2.0.0-p247/lib/ruby/gems/2.0.0/specifications/bundler-1.5.1.gemspec
